/cae/apps/data/synopsys-2025/syn/X-2025.06/auxx/gui/dv/dv_setup.tcl
/cae/apps/data/synopsys-2025/syn/X-2025.06/auxx/gui/syn/snpsSynProcs.tcl
/cae/apps/data/synopsys-2025/syn/X-2025.06/auxx/gui/syn/layout/pkgIndex.tcl
/cae/apps/data/synopsys-2025/syn/X-2025.06/auxx/gui/common/commandform/pkgIndex.tcl
/cae/apps/data/synopsys-2025/syn/X-2025.06/auxx/gui/common/timing/pkgIndex.tcl
/cae/apps/data/synopsys-2025/syn/X-2025.06/auxx/gui/common/misc/pkgIndex.tcl
/cae/apps/data/synopsys-2025/syn/X-2025.06/auxx/gui/common/dialogs/pkgIndex.tcl
/cae/apps/data/synopsys-2025/syn/X-2025.06/auxx/gui/common/tcl-dp/pkgIndex.tcl
/cae/apps/data/synopsys-2025/syn/X-2025.06/auxx/gui/common/tiledview/pkgIndex.tcl
/cae/apps/data/synopsys-2025/syn/X-2025.06/auxx/gui/common/setup/pkgIndex.tcl
/cae/apps/data/synopsys-2025/syn/X-2025.06/auxx/gui/common/webEngView/pkgIndex.tcl
/cae/apps/data/synopsys-2025/syn/X-2025.06/auxx/gui/common/taskassistant/pkgIndex.tcl
/cae/apps/data/synopsys-2025/syn/X-2025.06/auxx/gui/common/mrupalette/pkgIndex.tcl
/cae/apps/data/synopsys-2025/syn/X-2025.06/auxx/gui/common/3dic/pkgIndex.tcl
/cae/apps/data/synopsys-2025/syn/X-2025.06/auxx/gui/common/3dmodel/pkgIndex.tcl
/cae/apps/data/synopsys-2025/syn/X-2025.06/auxx/gui/common/regressionToolkit/pkgIndex.tcl
/cae/apps/data/synopsys-2025/syn/X-2025.06/auxx/gui/common/table/pkgIndex.tcl
/cae/apps/data/synopsys-2025/syn/X-2025.06/auxx/gui/common/qtcl/pkgIndex.tcl
/cae/apps/data/synopsys-2025/syn/X-2025.06/auxx/gui/common/layout/pkgIndex.tcl
/cae/apps/data/synopsys-2025/syn/X-2025.06/auxx/gui/common/view/pkgIndex.tcl
/cae/apps/data/synopsys-2025/syn/X-2025.06/auxx/gui/common/3dlayout/pkgIndex.tcl
/cae/apps/data/synopsys-2025/syn/X-2025.06/auxx/gui/common/hierAttrView/pkgIndex.tcl
/cae/apps/data/synopsys-2025/syn/X-2025.06/auxx/gui/common/utable/pkgIndex.tcl
/cae/apps/data/synopsys-2025/syn/X-2025.06/auxx/gui/common/select/pkgIndex.tcl
/cae/apps/data/synopsys-2025/syn/X-2025.06/auxx/gui/common/rtlxref/pkgIndex.tcl
/cae/apps/data/synopsys-2025/syn/X-2025.06/auxx/gui/common/WindowFrameWork/pkgIndex.tcl
/cae/apps/data/synopsys-2025/syn/X-2025.06/auxx/gui/common/libviewer/pkgIndex.tcl
/cae/apps/data/synopsys-2025/syn/X-2025.06/auxx/gui/common/errorbrowser/pkgIndex.tcl
/cae/apps/data/synopsys-2025/syn/X-2025.06/auxx/gui/common/histogram/pkgIndex.tcl
/cae/apps/data/synopsys-2025/syn/X-2025.06/auxx/gui/common/strokes/pkgIndex.tcl
/cae/apps/data/synopsys-2025/syn/X-2025.06/auxx/gui/common/docBrowser/pkgIndex.tcl
/cae/apps/data/synopsys-2025/syn/X-2025.06/auxx/gui/common/palettegroup/pkgIndex.tcl
/cae/apps/data/synopsys-2025/syn/X-2025.06/auxx/gui/common/propertyEditor/pkgIndex.tcl
/cae/apps/data/synopsys-2025/syn/X-2025.06/auxx/gui/common/hierarchy/pkgIndex.tcl
/cae/apps/data/synopsys-2025/syn/X-2025.06/auxx/gui/common/opdlg/pkgIndex.tcl
/cae/apps/data/synopsys-2025/syn/X-2025.06/auxx/gui/common/highlight/pkgIndex.tcl
/cae/apps/data/synopsys-2025/syn/X-2025.06/auxx/gui/common/menus/pkgIndex.tcl
/cae/apps/data/synopsys-2025/syn/X-2025.06/auxx/gui/common/tq/pkgIndex.tcl
/cae/apps/data/synopsys-2025/syn/X-2025.06/auxx/gui/common/acg/pkgIndex.tcl
/cae/apps/data/synopsys-2025/syn/X-2025.06/auxx/gui/common/schematic/pkgIndex.tcl
/cae/apps/data/synopsys-2025/syn/X-2025.06/auxx/gui/common/charts/pkgIndex.tcl
/cae/apps/data/synopsys-2025/syn/X-2025.06/auxx/gui/dv/pkgIndex.tcl
/cae/apps/data/synopsys-2025/syn/X-2025.06/auxx/syn/lib/pkgIndex.tcl
/cae/apps/data/synopsys-2025/syn/X-2025.06/auxx/tcllib/lib/itcl4.2.1/pkgIndex.tcl
/cae/apps/data/synopsys-2025/syn/X-2025.06/auxx/tcllib/lib/iwidgets4.1/pkgIndex.tcl
/cae/apps/data/synopsys-2025/syn/X-2025.06/auxx/tcllib/snps_tcl/snpsTclPro/pkgIndex.tcl
/cae/apps/data/synopsys-2025/syn/X-2025.06/auxx/tcllib/snps_tcl/snpsTest/pkgIndex.tcl
/cae/apps/data/synopsys-2025/syn/X-2025.06/auxx/tcllib/snps_tcl/snpsUtils/pkgIndex.tcl
/cae/apps/data/synopsys-2025/syn/X-2025.06/auxx/tcllib/snps_tcl/pkgIndex.tcl
/cae/apps/data/synopsys-2025/syn/X-2025.06/auxx/tcllib/lib/tcl8.6/dde/pkgIndex.tcl
/cae/apps/data/synopsys-2025/syn/X-2025.06/auxx/tcllib/lib/tcl8.6/platform/pkgIndex.tcl
/cae/apps/data/synopsys-2025/syn/X-2025.06/auxx/tcllib/lib/tcl8.6/tcltest/pkgIndex.tcl
/cae/apps/data/synopsys-2025/syn/X-2025.06/auxx/tcllib/lib/tcl8.6/http/pkgIndex.tcl
/cae/apps/data/synopsys-2025/syn/X-2025.06/auxx/tcllib/lib/tcl8.6/msgcat/pkgIndex.tcl
/cae/apps/data/synopsys-2025/syn/X-2025.06/auxx/tcllib/lib/tcl8.6/opt/pkgIndex.tcl
/cae/apps/data/synopsys-2025/syn/X-2025.06/auxx/tcllib/lib/tcl8.6/reg/pkgIndex.tcl
/cae/apps/data/synopsys-2025/syn/X-2025.06/auxx/tcllib/lib/tcl8.6/http1.0/pkgIndex.tcl
/cae/apps/data/synopsys-2025/syn/X-2025.06/auxx/gui/common/setup/snpsCommonSetup.tcl
/cae/apps/data/synopsys-2025/syn/X-2025.06/auxx/gui/common/setup/snpsCustomize.tcl
/cae/apps/data/synopsys-2025/syn/X-2025.06/auxx/gui/common/setup/snpsProcheck.tcl
/cae/apps/data/synopsys-2025/syn/X-2025.06/auxx/gui/common/misc/base.tcl
/cae/apps/data/synopsys-2025/syn/X-2025.06/auxx/gui/common/misc/timing.tcl
/cae/apps/data/synopsys-2025/syn/X-2025.06/auxx/gui/common/misc/setting.tcl
/cae/apps/data/synopsys-2025/syn/X-2025.06/auxx/gui/common/misc/preset.tcl
/cae/apps/data/synopsys-2025/syn/X-2025.06/auxx/gui/common/WindowFrameWork/windowFrameWork.tcl
/cae/apps/data/synopsys-2025/syn/X-2025.06/auxx/gui/common/WindowFrameWork/skipBusyCursorCmdList.tcl
/cae/apps/data/synopsys-2025/syn/X-2025.06/auxx/gui/common/qtcl/.synopsys_qtcl.tcl
/cae/apps/data/synopsys-2025/syn/X-2025.06/auxx/gui/common/errorbrowser/errorbrowser.tcl
/cae/apps/data/synopsys-2025/syn/X-2025.06/auxx/gui/common/highlight/highlight.tcl
/cae/apps/data/synopsys-2025/syn/X-2025.06/auxx/gui/common/palettegroup/palettegroup.tcl
/cae/apps/data/synopsys-2025/syn/X-2025.06/auxx/gui/common/commandform/commandform.tcl
/cae/apps/data/synopsys-2025/syn/X-2025.06/auxx/gui/common/tiledview/tiledview.tcl
/cae/apps/data/synopsys-2025/syn/X-2025.06/auxx/gui/common/docBrowser/docBrowser.tcl
/cae/apps/data/synopsys-2025/syn/X-2025.06/auxx/tcllib/snps_tcl/snpsUtils/snpsUtils.tcl
/cae/apps/data/synopsys-2025/syn/X-2025.06/auxx/gui/common/dialogs/ObjectChooser.tcl
/cae/apps/data/synopsys-2025/syn/X-2025.06/auxx/gui/common/misc/DialogObjectChooser.tcl
/cae/apps/data/synopsys-2025/syn/X-2025.06/auxx/gui/common/dialogs/HistBinInformation.tcl
/cae/apps/data/synopsys-2025/syn/X-2025.06/auxx/gui/common/dialogs/HistBin1Information.tcl
/cae/apps/data/synopsys-2025/syn/X-2025.06/auxx/gui/common/dialogs/BinsOnlyInformation.tcl
/cae/apps/data/synopsys-2025/syn/X-2025.06/auxx/gui/common/dialogs/FileChooser.tcl
/cae/apps/data/synopsys-2025/syn/X-2025.06/auxx/gui/common/dialogs/PathPinSimpleInfo.tcl
/cae/apps/data/synopsys-2025/syn/X-2025.06/auxx/gui/common/dialogs/PathsBasicInfo.tcl
/cae/apps/data/synopsys-2025/syn/X-2025.06/auxx/gui/common/dialogs/PathsBasicSimpleInfo.tcl
/cae/apps/data/synopsys-2025/syn/X-2025.06/auxx/gui/common/dialogs/SlctOperationInfo.tcl
/cae/apps/data/synopsys-2025/syn/X-2025.06/auxx/gui/common/dialogs/ObjectListInfo.tcl
/cae/apps/data/synopsys-2025/syn/X-2025.06/auxx/gui/common/dialogs/FanInOutInfo.tcl
/cae/apps/data/synopsys-2025/syn/X-2025.06/auxx/gui/common/dialogs/NumberOfLevelsChooser.tcl
/cae/apps/data/synopsys-2025/syn/X-2025.06/auxx/gui/common/dialogs/WindowReuseInfo.tcl
/cae/apps/data/synopsys-2025/syn/X-2025.06/auxx/gui/common/dialogs/ReportOutputOptionInfo.tcl
/cae/apps/data/synopsys-2025/syn/X-2025.06/auxx/gui/common/setup/snpsCollections.tcl
/cae/apps/data/synopsys-2025/syn/X-2025.06/auxx/gui/common/dialogs/CompileLinkDesign.tcl
/cae/apps/data/synopsys-2025/syn/X-2025.06/auxx/gui/common/histogram/base.tcl
/cae/apps/data/synopsys-2025/syn/X-2025.06/auxx/gui/common/histogram/DialogNetCapacitance.tcl
/cae/apps/data/synopsys-2025/syn/X-2025.06/auxx/gui/common/schematic/DialogPathSchematicFanInOut.tcl
/cae/apps/data/synopsys-2025/syn/X-2025.06/auxx/gui/common/schematic/DialogPathSchematicAddPaths.tcl
/filespace/a/ashebani/ECE551/551_Project-main/551_Project/project_synthesis/project.dc
/filespace/a/ashebani/ECE551/551_Project-main/551_Project/project_synthesis/ProjectDir/inert_intf.sv
/filespace/a/ashebani/ECE551/551_Project-main/551_Project/project_synthesis/saed32lvt_tt0p85v25c.db
/cae/apps/data/synopsys-2025/syn/X-2025.06/libraries/syn/standard.sldb
/filespace/a/ashebani/ECE551/551_Project-main/551_Project/project_synthesis/ProjectDir/DutyScaleROM.sv
/filespace/a/ashebani/ECE551/551_Project-main/551_Project/project_synthesis/ProjectDir/Dterm.sv
/filespace/a/ashebani/ECE551/551_Project-main/551_Project/project_synthesis/ProjectDir/MtrDrv.sv
/filespace/a/ashebani/ECE551/551_Project-main/551_Project/project_synthesis/ProjectDir/inertial_integrator.sv
/filespace/a/ashebani/ECE551/551_Project-main/551_Project/project_synthesis/ProjectDir/piezo_drv.sv
/filespace/a/ashebani/ECE551/551_Project-main/551_Project/project_synthesis/ProjectDir/A2D_intf.sv
/filespace/a/ashebani/ECE551/551_Project-main/551_Project/project_synthesis/ProjectDir/UART_rx.sv
/filespace/a/ashebani/ECE551/551_Project-main/551_Project/project_synthesis/ProjectDir/UART_wrapper.sv
/filespace/a/ashebani/ECE551/551_Project-main/551_Project/project_synthesis/ProjectDir/SPI_main.sv
/filespace/a/ashebani/ECE551/551_Project-main/551_Project/project_synthesis/ProjectDir/SPI_ADC128S.sv
/filespace/a/ashebani/ECE551/551_Project-main/551_Project/project_synthesis/ProjectDir/MazeRunner.sv
/filespace/a/ashebani/ECE551/551_Project-main/551_Project/project_synthesis/ProjectDir/IR_Math.sv
/filespace/a/ashebani/ECE551/551_Project-main/551_Project/project_synthesis/ProjectDir/ADC128S_FC.sv
/filespace/a/ashebani/ECE551/551_Project-main/551_Project/project_synthesis/ProjectDir/PWM8.sv
/filespace/a/ashebani/ECE551/551_Project-main/551_Project/project_synthesis/ProjectDir/cmd_proc.sv
/filespace/a/ashebani/ECE551/551_Project-main/551_Project/project_synthesis/ProjectDir/PWM12.sv
/filespace/a/ashebani/ECE551/551_Project-main/551_Project/project_synthesis/ProjectDir/SPI_iNEMO4.sv
/filespace/a/ashebani/ECE551/551_Project-main/551_Project/project_synthesis/ProjectDir/sensor_intf.sv
/filespace/a/ashebani/ECE551/551_Project-main/551_Project/project_synthesis/ProjectDir/reset_synch.sv
/filespace/a/ashebani/ECE551/551_Project-main/551_Project/project_synthesis/ProjectDir/navigate.sv
/filespace/a/ashebani/ECE551/551_Project-main/551_Project/project_synthesis/ProjectDir/PID.sv
/filespace/a/ashebani/ECE551/551_Project-main/551_Project/project_synthesis/ProjectDir/I_term.sv
/filespace/a/ashebani/ECE551/551_Project-main/551_Project/project_synthesis/ProjectDir/maze_solve.sv
/filespace/a/ashebani/ECE551/551_Project-main/551_Project/project_synthesis/ProjectDir/UART_tx.sv
/cae/apps/data/synopsys-2025/syn/X-2025.06/libraries/syn/gtech.db
/filespace/a/ashebani/ECE551/551_Project-main/551_Project/project_synthesis/saed32lvt_tt0p85v25c.db
/filespace/a/ashebani/ECE551/551_Project-main/551_Project/project_synthesis/saed32lvt_tt0p85v25c.db
/filespace/a/ashebani/ECE551/551_Project-main/551_Project/project_synthesis/saed32lvt_tt0p85v25c.db
